2021-03-14 17:00:01,898 [INFO] Activator:170 - 


2021-03-14 17:00:01,898 [INFO] Activator:171 - !SESSION log4j initialized
2021-03-14 17:01:06,067 [INFO] McuFinderGlobals:39 - Set McuFinder mode to 2 (CubeIDE integrated)
2021-03-14 17:01:07,410 [INFO] ApplicationProperties:181 - Using Application install path: C:\ST\STM32CubeIDE_1.6.0\STM32CubeIDE\plugins\com.st.stm32cube.common.mx_6.2.0.202102191602
2021-03-14 17:01:07,441 [INFO] DbMcusXml:74 - Set database path to: C:\ST\STM32CubeIDE_1.6.0\STM32CubeIDE\plugins\com.st.stm32cube.common.mx_6.2.0.202102191602\\db\/mcu/
2021-03-14 17:01:07,457 [INFO] DbBoardsPdsc:56 - Set plugin database path to: C:\ST\STM32CubeIDE_1.6.0\STM32CubeIDE\plugins\com.st.stm32cube.common.mx_6.2.0.202102191602\\db\/plugins/boardmanager/
2021-03-14 17:01:07,457 [INFO] DbMcus:258 - Set plugin images path to: C:\ST\STM32CubeIDE_1.6.0\STM32CubeIDE\plugins\com.st.stm32cube.common.mx_6.2.0.202102191602\\db\/plugins/mcufinder/images/
2021-03-14 17:01:07,457 [INFO] DbBoards:264 - Set plugin images path to: C:\ST\STM32CubeIDE_1.6.0\STM32CubeIDE\plugins\com.st.stm32cube.common.mx_6.2.0.202102191602\\db\/plugins/mcufinder/images/
2021-03-14 17:01:07,473 [INFO] DbExamples:333 - Set plugin images path to: C:\ST\STM32CubeIDE_1.6.0\STM32CubeIDE\plugins\com.st.stm32cube.common.mx_6.2.0.202102191602\\db\/plugins/mcufinder/images/
2021-03-14 17:01:07,488 [INFO] DbMcusAds:85 - Set database path to: C:\Users\sungt\.stmcufinder\plugins\mcufinder//mcu/
2021-03-14 17:01:07,488 [INFO] DbMcusDocs:110 - Set database path to: C:\Users\sungt\.stmcufinder\plugins\mcufinder//mcu/
2021-03-14 17:01:07,504 [INFO] DbMcusJson:65 - Set database path to: C:\Users\sungt\.stmcufinder\plugins\mcufinder//mcu/
2021-03-14 17:01:07,504 [INFO] DbBoardsDocs:110 - Set database path to: C:\Users\sungt\.stmcufinder\plugins\mcufinder//mcu/
2021-03-14 17:01:07,504 [INFO] DbBoardsJson:58 - Set database path to: C:\Users\sungt\.stmcufinder\plugins\mcufinder//mcu/
2021-03-14 17:01:07,535 [INFO] CrossReferenceDbSqlite:196 - Set database path to: C:\Users\sungt\.stmcufinder\plugins\mcufinder//mcu/cs/
2021-03-14 17:01:07,535 [INFO] DbExamplesSqlite:690 - Set database path to: C:\Users\sungt\.stmcufinder\plugins\mcufinder//mcu/
2021-03-14 17:01:07,941 [INFO] RulesReader:52 - Compatibility file has been processed (237 Rules)
2021-03-14 17:01:08,348 [INFO] MicroXplorer:622 - Detected Java Version = 11.0.9.1
2021-03-14 17:01:08,348 [INFO] DbMcusXml:74 - Set database path to: C:\ST\STM32CubeIDE_1.6.0\STM32CubeIDE\plugins\com.st.stm32cube.common.mx_6.2.0.202102191602\\db\/mcu/
2021-03-14 17:01:08,348 [INFO] DbBoardsPdsc:56 - Set plugin database path to: C:\ST\STM32CubeIDE_1.6.0\STM32CubeIDE\plugins\com.st.stm32cube.common.mx_6.2.0.202102191602\\db\/plugins/boardmanager/
2021-03-14 17:01:08,348 [INFO] DbMcus:258 - Set plugin images path to: C:\ST\STM32CubeIDE_1.6.0\STM32CubeIDE\plugins\com.st.stm32cube.common.mx_6.2.0.202102191602\\db\/plugins/mcufinder/images/
2021-03-14 17:01:08,348 [INFO] DbBoards:264 - Set plugin images path to: C:\ST\STM32CubeIDE_1.6.0\STM32CubeIDE\plugins\com.st.stm32cube.common.mx_6.2.0.202102191602\\db\/plugins/mcufinder/images/
2021-03-14 17:01:08,363 [INFO] DbExamples:333 - Set plugin images path to: C:\ST\STM32CubeIDE_1.6.0\STM32CubeIDE\plugins\com.st.stm32cube.common.mx_6.2.0.202102191602\\db\/plugins/mcufinder/images/
2021-03-14 17:01:08,363 [WARN] DbFile:35 - Overriding database path with different value: C:\Users\sungt\.stmcufinder\plugins\mcufinder/ => C:\Users\sungt\.stmcufinder\plugins\mcufinder
2021-03-14 17:01:08,363 [INFO] DbMcusAds:85 - Set database path to: C:\Users\sungt\.stmcufinder\plugins\mcufinder//mcu/
2021-03-14 17:01:08,363 [WARN] DbFile:35 - Overriding database path with different value: C:\Users\sungt\.stmcufinder\plugins\mcufinder/ => C:\Users\sungt\.stmcufinder\plugins\mcufinder
2021-03-14 17:01:08,363 [INFO] DbMcusDocs:110 - Set database path to: C:\Users\sungt\.stmcufinder\plugins\mcufinder//mcu/
2021-03-14 17:01:08,363 [WARN] DbFile:35 - Overriding database path with different value: C:\Users\sungt\.stmcufinder\plugins\mcufinder/ => C:\Users\sungt\.stmcufinder\plugins\mcufinder
2021-03-14 17:01:08,363 [INFO] DbMcusJson:65 - Set database path to: C:\Users\sungt\.stmcufinder\plugins\mcufinder//mcu/
2021-03-14 17:01:08,363 [WARN] DbFile:35 - Overriding database path with different value: C:\Users\sungt\.stmcufinder\plugins\mcufinder/ => C:\Users\sungt\.stmcufinder\plugins\mcufinder
2021-03-14 17:01:08,363 [INFO] DbBoardsDocs:110 - Set database path to: C:\Users\sungt\.stmcufinder\plugins\mcufinder//mcu/
2021-03-14 17:01:08,363 [WARN] DbFile:35 - Overriding database path with different value: C:\Users\sungt\.stmcufinder\plugins\mcufinder/ => C:\Users\sungt\.stmcufinder\plugins\mcufinder
2021-03-14 17:01:08,363 [INFO] DbBoardsJson:58 - Set database path to: C:\Users\sungt\.stmcufinder\plugins\mcufinder//mcu/
2021-03-14 17:01:08,363 [WARN] DbFile:35 - Overriding database path with different value: C:\Users\sungt\.stmcufinder\plugins\mcufinder/ => C:\Users\sungt\.stmcufinder\plugins\mcufinder
2021-03-14 17:01:08,363 [WARN] DbFile:35 - Overriding database path with different value: C:\Users\sungt\.stmcufinder\plugins\mcufinder/ => C:\Users\sungt\.stmcufinder\plugins\mcufinder
2021-03-14 17:01:08,363 [INFO] CrossReferenceDbSqlite:196 - Set database path to: C:\Users\sungt\.stmcufinder\plugins\mcufinder//mcu/cs/
2021-03-14 17:01:08,363 [WARN] DbFile:35 - Overriding database path with different value: C:\Users\sungt\.stmcufinder\plugins\mcufinder/ => C:\Users\sungt\.stmcufinder\plugins\mcufinder
2021-03-14 17:01:08,363 [INFO] DbExamplesSqlite:690 - Set database path to: C:\Users\sungt\.stmcufinder\plugins\mcufinder//mcu/
2021-03-14 17:01:08,645 [INFO] MainPanel:204 - HeapMemory: 284164096
2021-03-14 17:01:08,941 [INFO] DbMcusXml:74 - Set database path to: C:\ST\STM32CubeIDE_1.6.0\STM32CubeIDE\plugins\com.st.stm32cube.common.mx_6.2.0.202102191602\\db\/mcu/
2021-03-14 17:01:08,941 [INFO] DbBoardsPdsc:56 - Set plugin database path to: C:\ST\STM32CubeIDE_1.6.0\STM32CubeIDE\plugins\com.st.stm32cube.common.mx_6.2.0.202102191602\\db\/plugins/boardmanager/
2021-03-14 17:01:08,941 [INFO] DbMcus:258 - Set plugin images path to: C:\ST\STM32CubeIDE_1.6.0\STM32CubeIDE\plugins\com.st.stm32cube.common.mx_6.2.0.202102191602\\db\/plugins/mcufinder/images/
2021-03-14 17:01:08,941 [INFO] DbBoards:264 - Set plugin images path to: C:\ST\STM32CubeIDE_1.6.0\STM32CubeIDE\plugins\com.st.stm32cube.common.mx_6.2.0.202102191602\\db\/plugins/mcufinder/images/
2021-03-14 17:01:08,941 [INFO] DbExamples:333 - Set plugin images path to: C:\ST\STM32CubeIDE_1.6.0\STM32CubeIDE\plugins\com.st.stm32cube.common.mx_6.2.0.202102191602\\db\/plugins/mcufinder/images/
2021-03-14 17:01:08,941 [WARN] DbFile:35 - Overriding database path with different value: C:\Users\sungt\.stmcufinder\plugins\mcufinder/ => C:\Users\sungt\.stmcufinder\plugins\mcufinder
2021-03-14 17:01:08,941 [INFO] DbMcusAds:85 - Set database path to: C:\Users\sungt\.stmcufinder\plugins\mcufinder//mcu/
2021-03-14 17:01:08,941 [WARN] DbFile:35 - Overriding database path with different value: C:\Users\sungt\.stmcufinder\plugins\mcufinder/ => C:\Users\sungt\.stmcufinder\plugins\mcufinder
2021-03-14 17:01:08,957 [INFO] DbMcusDocs:110 - Set database path to: C:\Users\sungt\.stmcufinder\plugins\mcufinder//mcu/
2021-03-14 17:01:08,957 [WARN] DbFile:35 - Overriding database path with different value: C:\Users\sungt\.stmcufinder\plugins\mcufinder/ => C:\Users\sungt\.stmcufinder\plugins\mcufinder
2021-03-14 17:01:08,957 [INFO] DbMcusJson:65 - Set database path to: C:\Users\sungt\.stmcufinder\plugins\mcufinder//mcu/
2021-03-14 17:01:08,957 [WARN] DbFile:35 - Overriding database path with different value: C:\Users\sungt\.stmcufinder\plugins\mcufinder/ => C:\Users\sungt\.stmcufinder\plugins\mcufinder
2021-03-14 17:01:08,957 [INFO] DbBoardsDocs:110 - Set database path to: C:\Users\sungt\.stmcufinder\plugins\mcufinder//mcu/
2021-03-14 17:01:08,957 [WARN] DbFile:35 - Overriding database path with different value: C:\Users\sungt\.stmcufinder\plugins\mcufinder/ => C:\Users\sungt\.stmcufinder\plugins\mcufinder
2021-03-14 17:01:08,957 [INFO] DbBoardsJson:58 - Set database path to: C:\Users\sungt\.stmcufinder\plugins\mcufinder//mcu/
2021-03-14 17:01:08,957 [WARN] DbFile:35 - Overriding database path with different value: C:\Users\sungt\.stmcufinder\plugins\mcufinder/ => C:\Users\sungt\.stmcufinder\plugins\mcufinder
2021-03-14 17:01:08,957 [WARN] DbFile:35 - Overriding database path with different value: C:\Users\sungt\.stmcufinder\plugins\mcufinder/ => C:\Users\sungt\.stmcufinder\plugins\mcufinder
2021-03-14 17:01:08,957 [INFO] CrossReferenceDbSqlite:196 - Set database path to: C:\Users\sungt\.stmcufinder\plugins\mcufinder//mcu/cs/
2021-03-14 17:01:08,957 [WARN] DbFile:35 - Overriding database path with different value: C:\Users\sungt\.stmcufinder\plugins\mcufinder/ => C:\Users\sungt\.stmcufinder\plugins\mcufinder
2021-03-14 17:01:08,957 [INFO] DbExamplesSqlite:690 - Set database path to: C:\Users\sungt\.stmcufinder\plugins\mcufinder//mcu/
2021-03-14 17:01:09,035 [INFO] ApplicationProperties:181 - Using Application install path: C:\ST\STM32CubeIDE_1.6.0\STM32CubeIDE\plugins\com.st.stm32cube.common.mx_6.2.0.202102191602
2021-03-14 17:01:09,035 [INFO] PluginManage:178 - Search for loadable plugins [exclusion list=, ]
2021-03-14 17:01:09,051 [INFO] PluginManage:292 - Check plugin analytics
2021-03-14 17:01:14,348 [INFO] AnalyticsPlugin:233 - Accepted Software Licenses: STM32CubeMX.6.2.0
2021-03-14 17:01:14,348 [INFO] AnalyticsPlugin:235 - Accepted CMSIS Pack Licenses: 
2021-03-14 17:01:14,348 [INFO] AnalyticsPlugin:237 - Accepted Firmware Licenses: 
2021-03-14 17:01:14,348 [INFO] PluginManage:342 - Loaded plugin analytics (category:tool,tabindex:-1)
2021-03-14 17:01:14,348 [INFO] PluginManage:292 - Check plugin clock
2021-03-14 17:01:14,410 [INFO] PluginManage:342 - Loaded plugin clock (category:base,tabindex:2)
2021-03-14 17:01:14,410 [INFO] PluginManage:292 - Check plugin ddr
2021-03-14 17:01:14,426 [INFO] PluginManage:342 - Loaded plugin ddr (category:tool,tabindex:6)
2021-03-14 17:01:14,426 [INFO] PluginManage:292 - Check plugin filemanager
2021-03-14 17:01:14,863 [INFO] PluginManage:342 - Loaded plugin filemanager (category:base,tabindex:10)
2021-03-14 17:01:14,863 [INFO] PluginManage:292 - Check plugin ipmanager
2021-03-14 17:01:14,894 [INFO] PluginManage:342 - Loaded plugin ipmanager (category:base,tabindex:5)
2021-03-14 17:01:14,894 [INFO] PluginManage:292 - Check plugin pinoutandconfiguration
2021-03-14 17:01:14,926 [INFO] PluginManage:342 - Loaded plugin pinoutandconfiguration (category:base,tabindex:1)
2021-03-14 17:01:14,926 [INFO] PluginManage:292 - Check plugin pinoutconfig
2021-03-14 17:01:15,191 [INFO] PluginManage:342 - Loaded plugin pinoutconfig (category:base,tabindex:0)
2021-03-14 17:01:15,191 [INFO] PluginManage:292 - Check plugin power
2021-03-14 17:01:15,238 [INFO] PluginManage:342 - Loaded plugin power (category:power,tabindex:4)
2021-03-14 17:01:15,238 [INFO] PluginManage:292 - Check plugin projectmanager
2021-03-14 17:01:15,332 [INFO] PluginManage:342 - Loaded plugin projectmanager (category:projectmanager,tabindex:3)
2021-03-14 17:01:15,332 [INFO] PluginManage:292 - Check plugin thirdparty
2021-03-14 17:01:15,863 [INFO] PluginManage:342 - Loaded plugin thirdparty (category:base,tabindex:-1)
2021-03-14 17:01:15,863 [INFO] PluginManage:292 - Check plugin tools
2021-03-14 17:01:15,863 [WARN] IntegrityCheckThread:59 - waiting for thirdparty lock release [integrity check]
2021-03-14 17:01:15,863 [INFO] IntegrityCheckThread:61 - entering critical section [integrity check]
2021-03-14 17:01:15,863 [INFO] ThirdPartyUpdaterWithRetryManager:56 - Updater plugin not ready yet. [1/15]
2021-03-14 17:01:15,863 [INFO] PluginManage:342 - Loaded plugin tools (category:base,tabindex:7)
2021-03-14 17:01:15,863 [INFO] PluginManage:292 - Check plugin tutovideos
2021-03-14 17:01:16,816 [INFO] PluginManage:342 - Loaded plugin tutovideos (category:base,tabindex:-1)
2021-03-14 17:01:16,816 [INFO] PluginManage:292 - Check plugin updater
2021-03-14 17:01:16,863 [INFO] PluginManage:342 - Loaded plugin updater (category:base,tabindex:12)
2021-03-14 17:01:16,863 [INFO] PluginManage:265 - PluginManage : Loaded plugins [13]
2021-03-14 17:01:17,691 [INFO] PinOutPanel:1435 - setPackage(No Configuration,No Configuration)
2021-03-14 17:01:18,019 [INFO] IPUIPlugin:64 - create IPUIPlugin
2021-03-14 17:01:18,019 [INFO] PluginManager:203 - loadIPPluginJar : add adc
2021-03-14 17:01:18,035 [INFO] IPUIPlugin:64 - create IPUIPlugin
2021-03-14 17:01:18,035 [INFO] PluginManager:203 - loadIPPluginJar : add aes
2021-03-14 17:01:18,050 [INFO] IPUIPlugin:64 - create IPUIPlugin
2021-03-14 17:01:18,050 [INFO] PluginManager:203 - loadIPPluginJar : add can
2021-03-14 17:01:18,050 [INFO] IPUIPlugin:64 - create IPUIPlugin
2021-03-14 17:01:18,050 [INFO] PluginManager:203 - loadIPPluginJar : add comp
2021-03-14 17:01:18,066 [INFO] IPUIPlugin:64 - create IPUIPlugin
2021-03-14 17:01:18,066 [INFO] PluginManager:203 - loadIPPluginJar : add cryp
2021-03-14 17:01:18,082 [INFO] IPUIPlugin:64 - create IPUIPlugin
2021-03-14 17:01:18,082 [INFO] PluginManager:203 - loadIPPluginJar : add dfsdm
2021-03-14 17:01:18,097 [INFO] IPUIPlugin:64 - create IPUIPlugin
2021-03-14 17:01:18,097 [INFO] PluginManager:203 - loadIPPluginJar : add dma
2021-03-14 17:01:18,113 [INFO] IPUIPlugin:64 - create IPUIPlugin
2021-03-14 17:01:18,113 [INFO] PluginManager:203 - loadIPPluginJar : add fatfs
2021-03-14 17:01:18,144 [INFO] IPUIPlugin:64 - create IPUIPlugin
2021-03-14 17:01:18,144 [INFO] PluginManager:203 - loadIPPluginJar : add fmc
2021-03-14 17:01:18,175 [INFO] IPUIPlugin:64 - create IPUIPlugin
2021-03-14 17:01:18,175 [INFO] PluginManager:203 - loadIPPluginJar : add freertos
2021-03-14 17:01:18,175 [INFO] IPUIPlugin:64 - create IPUIPlugin
2021-03-14 17:01:18,175 [INFO] PluginManager:203 - loadIPPluginJar : add genericplugin
2021-03-14 17:01:18,191 [INFO] IPUIPlugin:64 - create IPUIPlugin
2021-03-14 17:01:18,191 [INFO] PluginManager:203 - loadIPPluginJar : add gfxmmu
2021-03-14 17:01:18,207 [INFO] IPUIPlugin:64 - create IPUIPlugin
2021-03-14 17:01:18,207 [INFO] PluginManager:203 - loadIPPluginJar : add gic
2021-03-14 17:01:18,222 [INFO] IPUIPlugin:64 - create IPUIPlugin
2021-03-14 17:01:18,222 [INFO] PluginManager:203 - loadIPPluginJar : add gpio
2021-03-14 17:01:18,238 [INFO] IPUIPlugin:64 - create IPUIPlugin
2021-03-14 17:01:18,238 [INFO] PluginManager:203 - loadIPPluginJar : add gtzc
2021-03-14 17:01:18,254 [INFO] IPUIPlugin:64 - create IPUIPlugin
2021-03-14 17:01:18,254 [INFO] PluginManager:203 - loadIPPluginJar : add hash
2021-03-14 17:01:18,254 [INFO] IPUIPlugin:64 - create IPUIPlugin
2021-03-14 17:01:18,254 [INFO] PluginManager:203 - loadIPPluginJar : add i2c
2021-03-14 17:01:18,269 [INFO] IPUIPlugin:64 - create IPUIPlugin
2021-03-14 17:01:18,269 [INFO] PluginManager:203 - loadIPPluginJar : add i2s
2021-03-14 17:01:18,285 [INFO] IPUIPlugin:64 - create IPUIPlugin
2021-03-14 17:01:18,285 [INFO] PluginManager:203 - loadIPPluginJar : add ipddr
2021-03-14 17:01:18,285 [INFO] IPUIPlugin:64 - create IPUIPlugin
2021-03-14 17:01:18,300 [INFO] PluginManager:203 - loadIPPluginJar : add lorawan
2021-03-14 17:01:18,300 [INFO] IPUIPlugin:64 - create IPUIPlugin
2021-03-14 17:01:18,300 [INFO] PluginManager:203 - loadIPPluginJar : add ltdc
2021-03-14 17:01:18,316 [INFO] IPUIPlugin:64 - create IPUIPlugin
2021-03-14 17:01:18,316 [INFO] PluginManager:203 - loadIPPluginJar : add mdma
2021-03-14 17:01:18,332 [INFO] IPUIPlugin:64 - create IPUIPlugin
2021-03-14 17:01:18,332 [INFO] PluginManager:203 - loadIPPluginJar : add nvic
2021-03-14 17:01:18,347 [INFO] IPUIPlugin:64 - create IPUIPlugin
2021-03-14 17:01:18,347 [INFO] PluginManager:203 - loadIPPluginJar : add opamp
2021-03-14 17:01:18,410 [INFO] IPUIPlugin:64 - create IPUIPlugin
2021-03-14 17:01:18,410 [INFO] PluginManager:203 - loadIPPluginJar : add openamp
2021-03-14 17:01:18,425 [INFO] IPUIPlugin:64 - create IPUIPlugin
2021-03-14 17:01:18,425 [INFO] PluginManager:203 - loadIPPluginJar : add pdm2pcm
2021-03-14 17:01:18,457 [INFO] IPUIPlugin:64 - create IPUIPlugin
2021-03-14 17:01:18,472 [INFO] PluginManager:203 - loadIPPluginJar : add plateformsettings
2021-03-14 17:01:18,472 [INFO] IPUIPlugin:64 - create IPUIPlugin
2021-03-14 17:01:18,472 [INFO] PluginManager:203 - loadIPPluginJar : add quadspi
2021-03-14 17:01:18,488 [INFO] IPUIPlugin:64 - create IPUIPlugin
2021-03-14 17:01:18,488 [INFO] PluginManager:203 - loadIPPluginJar : add resmgrutility
2021-03-14 17:01:18,504 [INFO] IPUIPlugin:64 - create IPUIPlugin
2021-03-14 17:01:18,504 [INFO] PluginManager:203 - loadIPPluginJar : add sai
2021-03-14 17:01:18,519 [INFO] IPUIPlugin:64 - create IPUIPlugin
2021-03-14 17:01:18,519 [INFO] PluginManager:203 - loadIPPluginJar : add spi
2021-03-14 17:01:18,535 [INFO] IPUIPlugin:64 - create IPUIPlugin
2021-03-14 17:01:18,535 [INFO] PluginManager:203 - loadIPPluginJar : add stm32_wpan
2021-03-14 17:01:18,535 [INFO] IPUIPlugin:64 - create IPUIPlugin
2021-03-14 17:01:18,535 [INFO] PluginManager:203 - loadIPPluginJar : add tim
2021-03-14 17:01:18,550 [INFO] IPUIPlugin:64 - create IPUIPlugin
2021-03-14 17:01:18,550 [INFO] PluginManager:203 - loadIPPluginJar : add touchsensing
2021-03-14 17:01:18,566 [INFO] IPUIPlugin:64 - create IPUIPlugin
2021-03-14 17:01:18,566 [INFO] PluginManager:203 - loadIPPluginJar : add tracer_emb
2021-03-14 17:01:18,566 [INFO] IPUIPlugin:64 - create IPUIPlugin
2021-03-14 17:01:18,566 [INFO] PluginManager:203 - loadIPPluginJar : add ts
2021-03-14 17:01:18,566 [INFO] IPUIPlugin:64 - create IPUIPlugin
2021-03-14 17:01:18,566 [INFO] PluginManager:203 - loadIPPluginJar : add tsc
2021-03-14 17:01:18,582 [INFO] IPUIPlugin:64 - create IPUIPlugin
2021-03-14 17:01:18,582 [INFO] PluginManager:203 - loadIPPluginJar : add ucpd
2021-03-14 17:01:18,597 [INFO] IPUIPlugin:64 - create IPUIPlugin
2021-03-14 17:01:18,597 [INFO] PluginManager:203 - loadIPPluginJar : add usart
2021-03-14 17:01:18,879 [INFO] ThirdPartyUpdaterWithRetryManager:56 - Updater plugin not ready yet. [2/15]
2021-03-14 17:01:19,554 [FATAL] Updater:284 - Updater called before beeing initialized
2021-03-14 17:01:20,007 [FATAL] Updater:284 - Updater called before beeing initialized
2021-03-14 17:01:20,022 [INFO] DbMcusAds:132 - JSON generation date=Thu Feb 11 23:55:24 KST 2021 (1613055324029)
2021-03-14 17:01:20,022 [FATAL] Updater:284 - Updater called before beeing initialized
2021-03-14 17:01:20,163 [WARN] DetailPanel:315 - Failed to get advertising image, set to default
2021-03-14 17:01:21,007 [FATAL] Updater:284 - Updater called before beeing initialized
2021-03-14 17:01:21,007 [FATAL] Updater:284 - Updater called before beeing initialized
2021-03-14 17:01:21,007 [FATAL] Updater:284 - Updater called before beeing initialized
2021-03-14 17:01:21,007 [WARN] DetailPanel:315 - Failed to get advertising image, set to default
2021-03-14 17:01:21,022 [FATAL] Updater:284 - Updater called before beeing initialized
2021-03-14 17:01:21,210 [FATAL] Updater:284 - Updater called before beeing initialized
2021-03-14 17:01:21,210 [WARN] ThirdParty:796 - waiting for thirdparty lock release [close project]
2021-03-14 17:01:21,882 [FATAL] Updater:284 - Updater called before beeing initialized
2021-03-14 17:01:21,882 [ERROR] AbstractThirdPartyUpdaterManager:153 - class java.lang.Integer cannot be cast to class java.util.List (java.lang.Integer and java.util.List are in module java.base of loader 'bootstrap')
2021-03-14 17:01:21,882 [INFO] ThirdParty:900 - Integrity check success = false
2021-03-14 17:01:21,882 [INFO] IntegrityCheckThread:75 - exiting critical section [integrity check]
2021-03-14 17:01:21,882 [INFO] IntegrityCheckThread:78 - End integrity checks thread
2021-03-14 17:01:21,882 [INFO] ThirdParty:798 - entering critical section [close project]
2021-03-14 17:01:21,882 [INFO] ThirdParty:809 - exiting critical section [close project]
2021-03-14 17:01:21,897 [INFO] PinOutPanel:1435 - setPackage(No Configuration,No Configuration)
2021-03-14 17:01:21,897 [FATAL] Updater:284 - Updater called before beeing initialized
2021-03-14 17:01:21,944 [INFO] Updater:1002 - Updater Version found : 6.2.0
2021-03-14 17:01:22,007 [INFO] ApplicationProperties:181 - Using Application install path: C:\ST\STM32CubeIDE_1.6.0\STM32CubeIDE\plugins\com.st.stm32cube.common.mx_6.2.0.202102191602
2021-03-14 17:01:22,350 [INFO] MainUpdater:2661 - connection check result : 10
2021-03-14 17:01:22,350 [INFO] MainUpdater:255 - Updater Check For Update Now.
2021-03-14 17:01:22,350 [INFO] MicroXplorer:472 - Change Database Version : DB.6.0.20
2021-03-14 17:01:22,475 [INFO] CheckServerUpdateThread:102 - End of CheckServer Thread
2021-03-14 17:01:22,491 [INFO] MainUpdater:2661 - connection check result : 10
2021-03-14 17:01:23,803 [INFO] CrossSelectorPresenter:1330 - Cross Selector saved comparison directory: C:\Users\sungt\.stmcufinder\plugins\mcufinder\mcu\cs_comparisons_mx
2021-03-14 17:01:23,819 [INFO] MultiScanPanel:200 - Auto-refresh data requested => check proxy status ongoing
2021-03-14 17:01:23,835 [INFO] FinderPluginLoader:87 - Searching for filters in installed packs
2021-03-14 17:01:23,835 [INFO] DbMcusXml:100 - Load MCU database from C:\ST\STM32CubeIDE_1.6.0\STM32CubeIDE\plugins\com.st.stm32cube.common.mx_6.2.0.202102191602\\db\/mcu/families.xml
2021-03-14 17:01:26,928 [INFO] DbMcusJson:94 - JSON generation date=Mon Feb 08 22:35:07 KST 2021 (1612791307)
2021-03-14 17:01:29,803 [INFO] DbMcus:175 - Found 1906 MCUs (1866 are supported by CubeMX, 1866 are visible in CubeMX)
2021-03-14 17:01:29,803 [INFO] ApiDb:251 - Load user favorites file C:\Users\sungt/.stm32cubeide/favorites.mcus.txt: 0 item(s)
2021-03-14 17:01:29,803 [INFO] ApiDb:255 - User favorites MCUs=[]
2021-03-14 17:01:29,803 [INFO] DbMcus:187 - Set 0 / 0 favorites MCUs
2021-03-14 17:01:32,022 [WARN] DetailPanel:315 - Failed to get advertising image, set to default
2021-03-14 17:01:33,803 [INFO] DbBoardsPdsc:90 - Found 24 items
2021-03-14 17:01:33,819 [INFO] DbBoardsPdsc:90 - Found 9 items
2021-03-14 17:01:33,819 [INFO] DbBoardsPdsc:90 - Found 33 items
2021-03-14 17:01:33,834 [INFO] DbBoardsPdsc:90 - Found 1 items
2021-03-14 17:01:33,850 [INFO] DbBoardsPdsc:90 - Found 46 items
2021-03-14 17:01:33,881 [INFO] DbBoardsPdsc:90 - Found 41 items
2021-03-14 17:01:33,881 [INFO] DbBoardsPdsc:90 - Found 2 items
2021-03-14 17:01:33,897 [INFO] DbBoardsPdsc:90 - Found 5 items
2021-03-14 17:01:33,912 [WARN] DbBoardsPdsc:254 - Board NUCLEO-WB15CC: unknown feature type=, name=, username=Three user LEDs, n=1
2021-03-14 17:01:33,912 [WARN] DbBoardsPdsc:254 - Board NUCLEO-WB15CC: unknown feature type=, name=, username=One reset and three user push-buttons, n=1
2021-03-14 17:01:33,912 [WARN] DbBoardsPdsc:254 - Board NUCLEO-WB15CC: unknown feature type=, name=, username=Arduino Uno V3 expansion connector, n=1
2021-03-14 17:01:33,912 [WARN] DbBoardsPdsc:254 - Board NUCLEO-WB15CC: unknown feature type=, name=, username=ST morpho extension pin headers for full access to all STM32WB I/Os, n=1
2021-03-14 17:01:33,912 [WARN] DbBoardsPdsc:254 - Board NUCLEO-WB15CC: unknown feature type=, name=, username=Integrated PCB antenna and SMA connector footprint, n=1
2021-03-14 17:01:33,912 [WARN] DbBoardsPdsc:254 - Board NUCLEO-WB15CC: unknown feature type=, name=, username=Flexible power-supply options: ST-LINK, USB VBUS, or external sources, n=1
2021-03-14 17:01:33,912 [WARN] DbBoardsPdsc:254 - Board NUCLEO-WB15CC: unknown feature type=, name=, username=On-board footprint to mount a CR2032 battery socket, n=1
2021-03-14 17:01:33,912 [WARN] DbBoardsPdsc:254 - Board NUCLEO-WB15CC: unknown feature type=, name=, username=On-board ST-LINK/V2-1 debugger/programmer with USB re-enumeration capability: mass storage, Virtual COM port, and debug port, n=1
2021-03-14 17:01:33,912 [WARN] DbBoardsPdsc:254 - Board NUCLEO-WB15CC: unknown feature type=, name=, username=Comprehensive free software libraries and examples available with the STM32CubeWB MCU Package, n=1
2021-03-14 17:01:33,912 [WARN] DbBoardsPdsc:254 - Board NUCLEO-WB15CC: unknown feature type=, name=, username=Support of a wide choice of Integrated Development Environments (IDEs) including IAR Embedded Workbench, MDK-ARM, STM32CubeIDE, and Mbed Studio, n=1
2021-03-14 17:01:33,912 [WARN] DbBoardsPdsc:254 - Board STM32H7B3I-DK: unknown feature type=Audio, name=, username=Audio stereo codec with Headphone Amp (CS42L51-CNZ), n=1
2021-03-14 17:01:33,912 [WARN] DbBoardsPdsc:254 - Board STM32H735G-DK: unknown feature type=Audio, name=, username=Audio stereo codec with Headphone Amp (WM8994ECS/R), n=1
2021-03-14 17:01:33,912 [WARN] DbBoardsPdsc:254 - Board STM32WB5MM-DK: unknown feature type=, name=, username=Time-of-Flight and gesture-detection sensor, n=1
2021-03-14 17:01:33,912 [WARN] DbBoardsPdsc:254 - Board STM32WB5MM-DK: unknown feature type=, name=, username=3 push-buttons (2 users and 1 reset) and 1 touch key button, n=1
2021-03-14 17:01:33,912 [WARN] DbBoardsPdsc:254 - Board STM32WB5MM-DK: unknown feature type=, name=, username=Flexible power-supply options: ST-LINK/V2-1 USB connector, 5 V delivered by ARDUINO?˘ç or external connector, USB charger, or USB power, n=1
2021-03-14 17:01:33,928 [WARN] DbBoardsPdsc:254 - Board STM32WB5MM-DK: unknown feature type=, name=, username=On-board ST-LINK/V2-1 debugger/programmer with USB re-enumeration capability: Virtual COM port and debug port, n=1
2021-03-14 17:01:33,928 [WARN] DbBoardsPdsc:254 - Board STM32WB5MM-DK: unknown feature type=, name=, username=Comprehensive free software libraries and examples available with the STM32CubeWB MCU Package, n=1
2021-03-14 17:01:33,928 [WARN] DbBoardsPdsc:254 - Board STM32WB5MM-DK: unknown feature type=, name=, username=Support of a wide choice of Integrated Development Environments (IDEs) including IAR Embedded Workbench?˘ç, MDK-ARM, and STM32CubeIDE, n=1
2021-03-14 17:01:33,928 [WARN] DbBoardsPdsc:254 - Board STM32H7B3I-EVAL: unknown feature type=Audio, name=, username=Multi-Channel Audio Codec (CS42L51-CNZ), n=1
2021-03-14 17:01:33,928 [WARN] DbBoardsPdsc:254 - Board STM32H7B3I-EVAL: unknown feature type=Meter, name=, username=Power-metering and Temperature-monitoring with sigma-delta modulators, n=1
2021-03-14 17:01:33,928 [WARN] DbBoardsPdsc:254 - Board STM32H7B3I-EVAL: unknown feature type=Motor, name=, username=Motor Control, n=1
2021-03-14 17:01:33,991 [INFO] DbBoardsJson:87 - JSON generation date=Fri Feb 05 01:53:45 KST 2021 (1612457625)
2021-03-14 17:01:34,006 [INFO] DbBoards:117 - Found 161 boards (158 are supported by CubeMX)
2021-03-14 17:01:34,037 [INFO] DbBoardsDocs:143 - JSON generation date=Mon Feb 08 22:35:07 KST 2021 (1612791307)
2021-03-14 17:01:34,116 [INFO] DbBoardsDocs:79 - Found 193 boards documents
2021-03-14 17:01:34,116 [WARN] DbBoards:127 - board B-L462E-CELL1 has no document id list !
2021-03-14 17:01:34,116 [WARN] DbBoards:127 - board B-L475E-IOT01A2 has no document id list !
2021-03-14 17:01:34,131 [WARN] DbBoards:127 - board NUCLEO-G0B1RE has no document id list !
2021-03-14 17:01:34,131 [WARN] DbBoards:127 - board NUCLEO-H743ZI2 has no document id list !
2021-03-14 17:01:34,131 [WARN] DbBoards:127 - board NUCLEO-L4A6ZG has no document id list !
2021-03-14 17:01:34,131 [WARN] DbBoards:127 - board NUCLEO-WB15CC has no document id list !
2021-03-14 17:01:34,131 [WARN] DbBoards:127 - board NUCLEO-WB55RG has no document id list !
2021-03-14 17:01:34,131 [WARN] DbBoards:127 - board NUCLEO-WL55JC2 has no document id list !
2021-03-14 17:01:34,131 [WARN] DbBoards:127 - board P-NUCLEO-WB55-Nucleo has no document id list !
2021-03-14 17:01:34,131 [WARN] DbBoards:127 - board P-NUCLEO-WB55-USBDongle has no document id list !
2021-03-14 17:01:34,131 [WARN] DbBoards:127 - board STEVAL-BFA001V1B has no document id list !
2021-03-14 17:01:34,131 [WARN] DbBoards:127 - board STEVAL-BFA001V2B has no document id list !
2021-03-14 17:01:34,131 [WARN] DbBoards:127 - board STEVAL-IDP005V1 has no document id list !
2021-03-14 17:01:34,131 [WARN] DbBoards:127 - board STEVAL-IDP005V2 has no document id list !
2021-03-14 17:01:34,131 [WARN] DbBoards:127 - board STEVAL-MKSBOX1V1 has no document id list !
2021-03-14 17:01:34,131 [WARN] DbBoards:127 - board STEVAL-STWINKT1 has no document id list !
2021-03-14 17:01:34,131 [WARN] DbBoards:127 - board STEVAL-STWINKT1B has no document id list !
2021-03-14 17:01:34,131 [WARN] DbBoards:127 - board STM32F401C-DISCO has no document id list !
2021-03-14 17:01:34,131 [WARN] DbBoards:127 - board STM32F769I-DISC1 has no document id list !
2021-03-14 17:01:34,131 [WARN] DbBoards:127 - board STM32G0C1E-EV has no document id list !
2021-03-14 17:01:34,131 [WARN] DbBoards:127 - board STM32G474E-EVAL1 has no document id list !
2021-03-14 17:01:34,131 [WARN] DbBoards:127 - board STM32H743I-EVAL2 has no document id list !
2021-03-14 17:01:34,131 [WARN] DbBoards:127 - board STM32H747I-DISC1 has no document id list !
2021-03-14 17:01:34,131 [WARN] DbBoards:127 - board STM32H753I-EVAL2 has no document id list !
2021-03-14 17:01:34,147 [WARN] DbBoards:127 - board STM32L-DISCOVERY has no document id list !
2021-03-14 17:01:34,147 [WARN] DbBoards:127 - board STM32MP157A-DK1 has no document id list !
2021-03-14 17:01:34,147 [WARN] DbBoards:127 - board STM32MP157F-DK2 has no document id list !
2021-03-14 17:01:34,147 [WARN] DbBoards:127 - board STM32MP157F-EV1 has no document id list !
2021-03-14 17:01:34,147 [WARN] DbBoards:127 - board STM32WB5MM-DK has no document id list !
2021-03-14 17:01:39,428 [INFO] ApiDb:242 - User favorites file not found: C:\Users\sungt/.stm32cubeide/favorites.boards.txt
2021-03-14 17:01:39,444 [INFO] DbBoards:206 - Set 0 / 0 favorites Boards
2021-03-14 17:01:50,525 [INFO] DbMcusDocs:143 - JSON generation date=Mon Feb 08 22:35:07 KST 2021 (1612791307)
2021-03-14 17:01:51,853 [INFO] DbMcusDocs:79 - Found 617 MCUs documents
2021-03-14 17:02:37,405 [INFO] ApiDb:276 - Save user favorites file C:\Users\sungt/.stm32cubeide/favorites.mcus.txt: 0 item(s)
2021-03-14 17:02:37,405 [INFO] ApiDb:280 - User favorites MCUs=[]
2021-03-15 00:49:20,218 [INFO] Activator:170 - 


2021-03-15 00:49:20,218 [INFO] Activator:171 - !SESSION log4j initialized
2021-03-15 15:21:12,902 [INFO] Activator:170 - 


2021-03-15 15:21:12,902 [INFO] Activator:171 - !SESSION log4j initialized
2021-03-15 15:22:33,899 [INFO] RetryExec:97 - I/O exception (org.apache.http.NoHttpResponseException) caught when processing request to {s}->https://sw-center.st.com:443: The target server failed to respond
2021-03-15 15:22:33,914 [INFO] RetryExec:113 - Retrying request to {s}->https://sw-center.st.com:443
2021-03-15 15:22:35,024 [INFO] RetryExec:97 - I/O exception (org.apache.http.NoHttpResponseException) caught when processing request to {s}->https://sw-center.st.com:443: The target server failed to respond
2021-03-15 15:22:35,024 [INFO] RetryExec:113 - Retrying request to {s}->https://sw-center.st.com:443
2021-03-15 15:22:36,008 [INFO] RetryExec:97 - I/O exception (org.apache.http.NoHttpResponseException) caught when processing request to {s}->https://sw-center.st.com:443: The target server failed to respond
2021-03-15 15:22:36,008 [INFO] RetryExec:113 - Retrying request to {s}->https://sw-center.st.com:443
2021-03-15 15:22:37,164 [INFO] RetryExec:97 - I/O exception (org.apache.http.NoHttpResponseException) caught when processing request to {s}->https://sw-center.st.com:443: The target server failed to respond
2021-03-15 15:22:37,164 [INFO] RetryExec:113 - Retrying request to {s}->https://sw-center.st.com:443
2021-03-15 15:22:38,133 [INFO] RetryExec:97 - I/O exception (org.apache.http.NoHttpResponseException) caught when processing request to {s}->https://sw-center.st.com:443: The target server failed to respond
2021-03-15 15:22:38,149 [INFO] RetryExec:113 - Retrying request to {s}->https://sw-center.st.com:443
2021-03-15 15:22:39,258 [INFO] RetryExec:97 - I/O exception (org.apache.http.NoHttpResponseException) caught when processing request to {s}->https://sw-center.st.com:443: The target server failed to respond
2021-03-15 15:22:39,258 [INFO] RetryExec:113 - Retrying request to {s}->https://sw-center.st.com:443
2021-03-15 18:17:25,233 [INFO] RetryExec:97 - I/O exception (org.apache.http.NoHttpResponseException) caught when processing request to {s}->https://ftp.jaist.ac.jp:443: The target server failed to respond
2021-03-15 18:17:25,233 [INFO] RetryExec:113 - Retrying request to {s}->https://ftp.jaist.ac.jp:443
2021-03-15 18:17:34,701 [INFO] RetryExec:97 - I/O exception (org.apache.http.NoHttpResponseException) caught when processing request to {s}->https://ftp.jaist.ac.jp:443: The target server failed to respond
2021-03-15 18:17:34,701 [INFO] RetryExec:113 - Retrying request to {s}->https://ftp.jaist.ac.jp:443
2021-03-15 18:17:37,904 [INFO] RetryExec:97 - I/O exception (org.apache.http.NoHttpResponseException) caught when processing request to {s}->https://ftp.jaist.ac.jp:443: The target server failed to respond
2021-03-15 18:17:37,904 [INFO] RetryExec:113 - Retrying request to {s}->https://ftp.jaist.ac.jp:443
2021-03-15 18:17:38,920 [INFO] RetryExec:97 - I/O exception (org.apache.http.NoHttpResponseException) caught when processing request to {s}->https://ftp.jaist.ac.jp:443: The target server failed to respond
2021-03-15 18:17:38,920 [INFO] RetryExec:113 - Retrying request to {s}->https://ftp.jaist.ac.jp:443
2021-03-15 18:22:16,243 [INFO] Activator:170 - 


2021-03-15 18:22:16,243 [INFO] Activator:171 - !SESSION log4j initialized
2021-03-15 19:17:09,515 [INFO] Activator:170 - 


2021-03-15 19:17:09,531 [INFO] Activator:171 - !SESSION log4j initialized
2021-03-16 13:39:49,213 [INFO] Activator:170 - 


2021-03-16 13:39:49,228 [INFO] Activator:171 - !SESSION log4j initialized
2021-03-16 17:37:07,532 [INFO] Activator:170 - 


2021-03-16 17:37:07,532 [INFO] Activator:171 - !SESSION log4j initialized
2021-03-16 17:56:39,997 [INFO] Activator:170 - 


2021-03-16 17:56:40,012 [INFO] Activator:171 - !SESSION log4j initialized
2021-03-18 15:15:57,241 [INFO] Activator:170 - 


2021-03-18 15:15:57,257 [INFO] Activator:171 - !SESSION log4j initialized
2021-03-18 15:17:04,350 [INFO] RetryExec:97 - I/O exception (org.apache.http.NoHttpResponseException) caught when processing request to {s}->https://sw-center.st.com:443: The target server failed to respond
2021-03-18 15:17:04,350 [INFO] RetryExec:113 - Retrying request to {s}->https://sw-center.st.com:443
2021-03-18 15:17:05,381 [INFO] RetryExec:97 - I/O exception (org.apache.http.NoHttpResponseException) caught when processing request to {s}->https://sw-center.st.com:443: The target server failed to respond
2021-03-18 15:17:05,381 [INFO] RetryExec:113 - Retrying request to {s}->https://sw-center.st.com:443
2021-03-18 15:17:06,240 [INFO] RetryExec:97 - I/O exception (org.apache.http.NoHttpResponseException) caught when processing request to {s}->https://sw-center.st.com:443: The target server failed to respond
2021-03-18 15:17:06,240 [INFO] RetryExec:113 - Retrying request to {s}->https://sw-center.st.com:443
2021-03-18 15:17:46,074 [INFO] RetryExec:97 - I/O exception (org.apache.http.NoHttpResponseException) caught when processing request to {}->http://sw-center.st.com:80: The target server failed to respond
2021-03-18 15:17:46,074 [INFO] RetryExec:113 - Retrying request to {}->http://sw-center.st.com:80
2021-03-18 15:17:47,757 [INFO] RetryExec:97 - I/O exception (org.apache.http.NoHttpResponseException) caught when processing request to {}->http://sw-center.st.com:80: The target server failed to respond
2021-03-18 15:17:47,757 [INFO] RetryExec:113 - Retrying request to {}->http://sw-center.st.com:80
2021-03-18 17:23:46,483 [INFO] Activator:170 - 


2021-03-18 17:23:46,499 [INFO] Activator:171 - !SESSION log4j initialized
2021-03-18 17:24:38,194 [INFO] RetryExec:97 - I/O exception (org.apache.http.NoHttpResponseException) caught when processing request to {s}->https://sw-center.st.com:443: The target server failed to respond
2021-03-18 17:24:38,210 [INFO] RetryExec:113 - Retrying request to {s}->https://sw-center.st.com:443
2021-03-18 17:24:38,647 [INFO] RetryExec:97 - I/O exception (org.apache.http.NoHttpResponseException) caught when processing request to {s}->https://sw-center.st.com:443: The target server failed to respond
2021-03-18 17:24:38,647 [INFO] RetryExec:113 - Retrying request to {s}->https://sw-center.st.com:443
2021-03-18 17:25:24,311 [INFO] RetryExec:97 - I/O exception (org.apache.http.NoHttpResponseException) caught when processing request to {}->http://sw-center.st.com:80: The target server failed to respond
2021-03-18 17:25:24,311 [INFO] RetryExec:113 - Retrying request to {}->http://sw-center.st.com:80
2021-03-18 17:25:25,806 [INFO] RetryExec:97 - I/O exception (org.apache.http.NoHttpResponseException) caught when processing request to {}->http://sw-center.st.com:80: The target server failed to respond
2021-03-18 17:25:25,806 [INFO] RetryExec:113 - Retrying request to {}->http://sw-center.st.com:80
2021-03-18 18:15:03,404 [INFO] Activator:170 - 


2021-03-18 18:15:03,420 [INFO] Activator:171 - !SESSION log4j initialized
2021-03-18 20:03:23,534 [INFO] Activator:170 - 


2021-03-18 20:03:23,542 [INFO] Activator:171 - !SESSION log4j initialized
2021-03-18 21:29:54,536 [INFO] Activator:170 - 


2021-03-18 21:29:54,542 [INFO] Activator:171 - !SESSION log4j initialized
2021-03-18 21:39:32,670 [INFO] Activator:170 - 


2021-03-18 21:39:32,677 [INFO] Activator:171 - !SESSION log4j initialized
2021-03-19 02:27:20,623 [INFO] Activator:170 - 


2021-03-19 02:27:20,639 [INFO] Activator:171 - !SESSION log4j initialized
2021-03-20 21:40:40,540 [INFO] Activator:170 - 


2021-03-20 21:40:40,556 [INFO] Activator:171 - !SESSION log4j initialized
2021-03-21 16:09:30,721 [INFO] Activator:170 - 


2021-03-21 16:09:30,737 [INFO] Activator:171 - !SESSION log4j initialized
2021-03-22 14:34:50,075 [INFO] Activator:170 - 


2021-03-22 14:34:50,091 [INFO] Activator:171 - !SESSION log4j initialized
2021-03-22 14:35:58,980 [INFO] RetryExec:97 - I/O exception (org.apache.http.NoHttpResponseException) caught when processing request to {s}->https://sw-center.st.com:443: The target server failed to respond
2021-03-22 14:35:58,980 [INFO] RetryExec:113 - Retrying request to {s}->https://sw-center.st.com:443
2021-03-22 14:35:59,495 [INFO] RetryExec:97 - I/O exception (org.apache.http.NoHttpResponseException) caught when processing request to {s}->https://sw-center.st.com:443: The target server failed to respond
2021-03-22 14:35:59,495 [INFO] RetryExec:113 - Retrying request to {s}->https://sw-center.st.com:443
2021-03-22 14:37:03,886 [INFO] RetryExec:97 - I/O exception (org.apache.http.NoHttpResponseException) caught when processing request to {}->http://sw-center.st.com:80: The target server failed to respond
2021-03-22 14:37:03,886 [INFO] RetryExec:113 - Retrying request to {}->http://sw-center.st.com:80
2021-03-22 14:37:05,948 [INFO] RetryExec:97 - I/O exception (org.apache.http.NoHttpResponseException) caught when processing request to {}->http://sw-center.st.com:80: The target server failed to respond
2021-03-22 14:37:05,964 [INFO] RetryExec:113 - Retrying request to {}->http://sw-center.st.com:80
2021-03-22 14:37:34,518 [INFO] RetryExec:97 - I/O exception (org.apache.http.NoHttpResponseException) caught when processing request to {s}->https://sw-center.st.com:443: The target server failed to respond
2021-03-22 14:37:34,518 [INFO] RetryExec:113 - Retrying request to {s}->https://sw-center.st.com:443
2021-03-22 15:05:50,458 [INFO] Activator:170 - 


2021-03-22 15:05:50,458 [INFO] Activator:171 - !SESSION log4j initialized
2021-03-23 12:28:53,896 [INFO] Activator:170 - 


2021-03-23 12:28:53,911 [INFO] Activator:171 - !SESSION log4j initialized
2021-03-26 18:16:25,319 [INFO] Activator:170 - 


2021-03-26 18:16:25,335 [INFO] Activator:171 - !SESSION log4j initialized
2021-03-29 15:32:05,496 [INFO] Activator:170 - 


2021-03-29 15:32:05,503 [INFO] Activator:171 - !SESSION log4j initialized
2021-03-30 18:23:32,782 [INFO] Activator:170 - 


2021-03-30 18:23:32,782 [INFO] Activator:171 - !SESSION log4j initialized
2021-03-30 20:39:11,239 [INFO] Activator:170 - 


2021-03-30 20:39:11,246 [INFO] Activator:171 - !SESSION log4j initialized
2021-03-30 21:48:08,055 [INFO] Activator:170 - 


2021-03-30 21:48:08,063 [INFO] Activator:171 - !SESSION log4j initialized
2021-03-31 15:33:00,808 [INFO] Activator:170 - 


2021-03-31 15:33:00,823 [INFO] Activator:171 - !SESSION log4j initialized
2021-04-08 13:41:56,552 [INFO] Activator:170 - 


2021-04-08 13:41:56,552 [INFO] Activator:171 - !SESSION log4j initialized
2021-04-09 14:13:38,997 [INFO] Activator:170 - 


2021-04-09 14:13:38,997 [INFO] Activator:171 - !SESSION log4j initialized
